TN:
SF:/Users/didi/Documents/git/private/better-scroll/src/util/debug.js
FN:1,warn
FNF:1
FNH:1
FNDA:1,warn
DA:2,1
LF:1
LH:1
BRF:0
BRH:0
end_of_record
TN:
SF:/Users/didi/Documents/git/private/better-scroll/src/util/dom.js
FN:3,(anonymous_0)
FN:21,prefixStyle
FN:33,addEvent
FN:37,removeEvent
FN:41,offset
FN:86,getRect
FN:105,preventDefaultException
FN:114,tap
FN:122,click
FN:134,prepend
FN:142,before
FNF:11
FNH:11
FNDA:1,(anonymous_0)
FNDA:8,prefixStyle
FNDA:4,addEvent
FNDA:1,removeEvent
FNDA:1,offset
FNDA:1,getRect
FNDA:2,preventDefaultException
FNDA:1,tap
FNDA:2,click
FNDA:2,prepend
FNDA:1,before
DA:1,1
DA:3,1
DA:4,1
DA:12,1
DA:13,1
DA:14,1
DA:18,0
DA:22,8
DA:23,0
DA:26,8
DA:27,0
DA:30,8
DA:34,4
DA:38,1
DA:42,1
DA:43,1
DA:45,1
DA:46,1
DA:47,1
DA:48,1
DA:51,1
DA:57,1
DA:59,1
DA:60,1
DA:61,1
DA:62,1
DA:64,1
DA:73,1
DA:74,1
DA:76,1
DA:87,1
DA:88,0
DA:89,0
DA:96,1
DA:106,2
DA:107,2
DA:108,1
DA:111,1
DA:115,1
DA:116,1
DA:117,1
DA:118,1
DA:119,1
DA:123,2
DA:125,2
DA:126,1
DA:128,1
DA:129,1
DA:130,1
DA:135,2
DA:136,1
DA:138,1
DA:143,1
LF:53
LH:48
BRDA:13,0,0,1
BRDA:13,0,1,0
BRDA:22,1,0,0
BRDA:22,1,1,8
BRDA:26,2,0,0
BRDA:26,2,1,8
BRDA:87,3,0,0
BRDA:87,3,1,1
BRDA:107,4,0,1
BRDA:107,4,1,1
BRDA:125,5,0,1
BRDA:125,5,1,1
BRDA:126,6,0,1
BRDA:126,6,1,0
BRDA:135,7,0,1
BRDA:135,7,1,1
BRF:16
BRH:11
end_of_record
TN:
SF:/Users/didi/Documents/git/private/better-scroll/src/index.js
FN:12,BScroll
FNF:1
FNH:0
FNDA:0,BScroll
DA:13,0
DA:14,0
DA:15,0
DA:17,0
DA:18,0
DA:19,0
DA:22,0
DA:24,0
DA:27,1
DA:28,1
DA:29,1
DA:30,1
DA:31,1
DA:32,1
DA:33,1
DA:34,1
DA:36,1
LF:17
LH:9
BRDA:13,0,0,0
BRDA:13,0,1,0
BRDA:14,1,0,0
BRDA:14,1,1,0
BRDA:18,2,0,0
BRDA:18,2,1,0
BRF:6
BRH:0
end_of_record
TN:
SF:/Users/didi/Documents/git/private/better-scroll/src/scroll/event.js
FN:1,eventMixin
FN:2,(anonymous_1)
FN:10,(anonymous_2)
FN:13,magic
FN:25,(anonymous_4)
FN:39,(anonymous_5)
FNF:6
FNH:1
FNDA:1,eventMixin
FNDA:0,(anonymous_1)
FNDA:0,(anonymous_2)
FNDA:0,magic
FNDA:0,(anonymous_4)
FNDA:0,(anonymous_5)
DA:2,1
DA:3,0
DA:4,0
DA:7,0
DA:10,1
DA:11,0
DA:14,0
DA:16,0
DA:17,0
DA:18,0
DA:22,0
DA:25,1
DA:26,0
DA:27,0
DA:28,0
DA:31,0
DA:32,0
DA:33,0
DA:34,0
DA:39,1
DA:40,0
DA:41,0
DA:42,0
DA:45,0
DA:46,0
DA:47,0
DA:48,0
DA:49,0
DA:50,0
DA:51,0
LF:30
LH:4
BRDA:2,0,0,0
BRDA:3,1,0,0
BRDA:3,1,1,0
BRDA:10,2,0,0
BRDA:16,3,0,0
BRDA:16,3,1,0
BRDA:27,4,0,0
BRDA:27,4,1,0
BRDA:33,5,0,0
BRDA:33,5,1,0
BRDA:41,6,0,0
BRDA:41,6,1,0
BRDA:50,7,0,0
BRDA:50,7,1,0
BRF:14
BRH:0
end_of_record
TN:
SF:/Users/didi/Documents/git/private/better-scroll/src/scroll/init.js
FN:89,initMixin
FN:90,(anonymous_1)
FN:114,(anonymous_2)
FN:137,(anonymous_3)
FN:142,(anonymous_4)
FN:147,(anonymous_5)
FN:173,(anonymous_6)
FN:185,(anonymous_7)
FN:220,(anonymous_8)
FN:268,(anonymous_9)
FN:272,(anonymous_10)
FNF:11
FNH:1
FNDA:1,initMixin
FNDA:0,(anonymous_1)
FNDA:0,(anonymous_2)
FNDA:0,(anonymous_3)
FNDA:0,(anonymous_4)
FNDA:0,(anonymous_5)
FNDA:0,(anonymous_6)
FNDA:0,(anonymous_7)
FNDA:0,(anonymous_8)
FNDA:0,(anonymous_9)
FNDA:0,(anonymous_10)
DA:14,1
DA:90,1
DA:91,0
DA:94,0
DA:96,0
DA:97,0
DA:98,0
DA:99,0
DA:101,0
DA:103,0
DA:105,0
DA:107,0
DA:108,0
DA:111,0
DA:114,1
DA:115,0
DA:117,0
DA:119,0
DA:120,0
DA:122,0
DA:125,0
DA:126,0
DA:129,0
DA:130,0
DA:132,0
DA:133,0
DA:137,1
DA:138,0
DA:139,0
DA:142,1
DA:143,0
DA:144,0
DA:147,1
DA:148,0
DA:149,0
DA:150,0
DA:152,0
DA:153,0
DA:156,0
DA:157,0
DA:158,0
DA:159,0
DA:160,0
DA:163,0
DA:164,0
DA:165,0
DA:166,0
DA:167,0
DA:170,0
DA:173,1
DA:174,0
DA:175,0
DA:177,0
DA:178,0
DA:180,0
DA:181,0
DA:185,1
DA:186,0
DA:189,0
DA:190,0
DA:193,0
DA:194,0
DA:199,0
DA:200,0
DA:203,0
DA:204,0
DA:209,0
DA:210,0
DA:212,0
DA:213,0
DA:214,0
DA:216,0
DA:220,1
DA:222,0
DA:224,0
DA:225,0
DA:227,0
DA:228,0
DA:230,0
DA:231,0
DA:232,0
DA:233,0
DA:234,0
DA:235,0
DA:237,0
DA:238,0
DA:239,0
DA:241,0
DA:242,0
DA:245,0
DA:246,0
DA:248,0
DA:249,0
DA:250,0
DA:253,0
DA:254,0
DA:255,0
DA:258,0
DA:259,0
DA:260,0
DA:261,0
DA:263,0
DA:265,0
DA:268,1
DA:269,0
DA:272,1
DA:273,0
LF:107
LH:11
BRDA:107,0,0,0
BRDA:107,0,1,0
BRDA:117,1,0,0
BRDA:117,1,1,0
BRDA:117,2,0,0
BRDA:117,2,1,0
BRDA:119,3,0,0
BRDA:119,3,1,0
BRDA:120,4,0,0
BRDA:120,4,1,0
BRDA:122,5,0,0
BRDA:122,5,1,0
BRDA:125,6,0,0
BRDA:125,6,1,0
BRDA:126,7,0,0
BRDA:126,7,1,0
BRDA:129,8,0,0
BRDA:129,8,1,0
BRDA:130,9,0,0
BRDA:130,9,1,0
BRDA:132,10,0,0
BRDA:132,10,1,0
BRDA:148,11,0,0
BRDA:148,11,1,0
BRDA:152,12,0,0
BRDA:152,12,1,0
BRDA:156,13,0,0
BRDA:156,13,1,0
BRDA:163,14,0,0
BRDA:163,14,1,0
BRDA:163,15,0,0
BRDA:163,15,1,0
BRDA:174,16,0,0
BRDA:174,16,1,0
BRDA:177,17,0,0
BRDA:177,17,1,0
BRDA:180,18,0,0
BRDA:180,18,1,0
BRDA:186,19,0,0
BRDA:186,19,1,0
BRDA:186,19,2,0
BRDA:186,19,3,0
BRDA:186,19,4,0
BRDA:186,19,5,0
BRDA:186,19,6,0
BRDA:186,19,7,0
BRDA:186,19,8,0
BRDA:186,19,9,0
BRDA:186,19,10,0
BRDA:186,19,11,0
BRDA:186,19,12,0
BRDA:186,19,13,0
BRDA:186,19,14,0
BRDA:212,20,0,0
BRDA:212,20,1,0
BRDA:212,21,0,0
BRDA:212,21,1,0
BRDA:224,22,0,0
BRDA:224,22,1,0
BRDA:225,23,0,0
BRDA:225,23,1,0
BRDA:227,24,0,0
BRDA:227,24,1,0
BRDA:228,25,0,0
BRDA:228,25,1,0
BRDA:231,26,0,0
BRDA:231,26,1,0
BRDA:233,27,0,0
BRDA:233,27,1,0
BRDA:234,28,0,0
BRDA:234,28,1,0
BRDA:245,29,0,0
BRDA:245,29,1,0
BRDA:246,30,0,0
BRDA:246,30,1,0
BRDA:248,31,0,0
BRDA:248,31,1,0
BRDA:253,32,0,0
BRDA:253,32,1,0
BRF:79
BRH:0
end_of_record
TN:
SF:/Users/didi/Documents/git/private/better-scroll/src/util/lang.js
FN:1,getNow
FN:5,extend
FNF:2
FNH:0
FNDA:0,getNow
FNDA:0,extend
DA:2,0
DA:6,0
DA:7,0
DA:8,0
DA:9,0
DA:12,0
LF:6
LH:0
BRDA:2,0,0,0
BRDA:2,0,1,0
BRDA:2,1,0,0
BRDA:2,1,1,0
BRF:4
BRH:0
end_of_record
TN:
SF:/Users/didi/Documents/git/private/better-scroll/src/scroll/core.js
FN:15,coreMixin
FN:16,(anonymous_1)
FN:60,(anonymous_2)
FN:179,(anonymous_3)
FN:302,(anonymous_4)
FN:308,(anonymous_5)
FN:313,(anonymous_6)
FN:319,probe
FN:328,(anonymous_8)
FN:344,(anonymous_9)
FN:360,(anonymous_10)
FN:375,(anonymous_11)
FN:403,(anonymous_12)
FN:410,step
FN:448,(anonymous_14)
FN:455,(anonymous_15)
FN:481,(anonymous_16)
FN:515,(anonymous_17)
FN:539,(anonymous_18)
FN:559,(anonymous_19)
FN:581,(anonymous_20)
FNF:21
FNH:1
FNDA:1,coreMixin
FNDA:0,(anonymous_1)
FNDA:0,(anonymous_2)
FNDA:0,(anonymous_3)
FNDA:0,(anonymous_4)
FNDA:0,(anonymous_5)
FNDA:0,(anonymous_6)
FNDA:0,probe
FNDA:0,(anonymous_8)
FNDA:0,(anonymous_9)
FNDA:0,(anonymous_10)
FNDA:0,(anonymous_11)
FNDA:0,(anonymous_12)
FNDA:0,step
FNDA:0,(anonymous_14)
FNDA:0,(anonymous_15)
FNDA:0,(anonymous_16)
FNDA:0,(anonymous_17)
FNDA:0,(anonymous_18)
FNDA:0,(anonymous_19)
FNDA:0,(anonymous_20)
DA:16,1
DA:17,0
DA:18,0
DA:19,0
DA:20,0
DA:23,0
DA:24,0
DA:26,0
DA:28,0
DA:29,0
DA:32,0
DA:33,0
DA:34,0
DA:35,0
DA:36,0
DA:37,0
DA:39,0
DA:40,0
DA:42,0
DA:43,0
DA:46,0
DA:48,0
DA:50,0
DA:51,0
DA:52,0
DA:53,0
DA:54,0
DA:55,0
DA:57,0
DA:60,1
DA:61,0
DA:62,0
DA:65,0
DA:66,0
DA:69,0
DA:70,0
DA:71,0
DA:73,0
DA:74,0
DA:76,0
DA:77,0
DA:79,0
DA:80,0
DA:82,0
DA:85,0
DA:86,0
DA:90,0
DA:91,0
DA:92,0
DA:93,0
DA:94,0
DA:96,0
DA:100,0
DA:101,0
DA:102,0
DA:103,0
DA:104,0
DA:105,0
DA:107,0
DA:108,0
DA:109,0
DA:110,0
DA:111,0
DA:112,0
DA:113,0
DA:115,0
DA:118,0
DA:119,0
DA:121,0
DA:122,0
DA:125,0
DA:126,0
DA:127,0
DA:129,0
DA:132,0
DA:133,0
DA:134,0
DA:136,0
DA:140,0
DA:141,0
DA:142,0
DA:145,0
DA:147,0
DA:148,0
DA:149,0
DA:150,0
DA:152,0
DA:153,0
DA:160,0
DA:161,0
DA:167,0
DA:168,0
DA:170,0
DA:171,0
DA:173,0
DA:175,0
DA:179,1
DA:180,0
DA:181,0
DA:183,0
DA:185,0
DA:186,0
DA:189,0
DA:195,0
DA:196,0
DA:200,0
DA:201,0
DA:203,0
DA:205,0
DA:206,0
DA:209,0
DA:210,0
DA:211,0
DA:212,0
DA:213,0
DA:214,0
DA:216,0
DA:218,0
DA:219,0
DA:222,0
DA:223,0
DA:226,0
DA:227,0
DA:230,0
DA:232,0
DA:233,0
DA:234,0
DA:235,0
DA:237,0
DA:239,0
DA:240,0
DA:241,0
DA:244,0
DA:245,0
DA:246,0
DA:249,0
DA:251,0
DA:252,0
DA:254,0
DA:256,0
DA:257,0
DA:258,0
DA:259,0
DA:261,0
DA:262,0
DA:263,0
DA:267,0
DA:268,0
DA:269,0
DA:270,0
DA:271,0
DA:276,0
DA:277,0
DA:279,0
DA:280,0
DA:281,0
DA:284,0
DA:286,0
DA:287,0
DA:289,0
DA:290,0
DA:293,0
DA:294,0
DA:296,0
DA:302,1
DA:303,0
DA:304,0
DA:307,0
DA:308,0
DA:309,0
DA:313,1
DA:314,0
DA:315,0
DA:317,0
DA:320,0
DA:321,0
DA:322,0
DA:323,0
DA:328,1
DA:329,0
DA:331,0
DA:332,0
DA:333,0
DA:337,0
DA:338,0
DA:339,0
DA:344,1
DA:345,0
DA:347,0
DA:348,0
DA:349,0
DA:353,0
DA:354,0
DA:355,0
DA:360,1
DA:361,0
DA:362,0
DA:365,0
DA:366,0
DA:367,0
DA:368,0
DA:375,1
DA:376,0
DA:377,0
DA:379,0
DA:380,0
DA:381,0
DA:382,0
DA:385,0
DA:386,0
DA:387,0
DA:388,0
DA:389,0
DA:393,0
DA:394,0
DA:396,0
DA:397,0
DA:398,0
DA:403,1
DA:404,0
DA:405,0
DA:406,0
DA:407,0
DA:408,0
DA:411,0
DA:413,0
DA:414,0
DA:415,0
DA:417,0
DA:418,0
DA:423,0
DA:425,0
DA:426,0
DA:427,0
DA:428,0
DA:430,0
DA:432,0
DA:433,0
DA:436,0
DA:437,0
DA:444,0
DA:445,0
DA:448,1
DA:449,0
DA:450,0
DA:452,0
DA:455,1
DA:456,0
DA:458,0
DA:459,0
DA:460,0
DA:461,0
DA:463,0
DA:464,0
DA:467,0
DA:468,0
DA:469,0
DA:470,0
DA:471,0
DA:473,0
DA:477,0
DA:481,1
DA:482,0
DA:483,0
DA:485,0
DA:487,0
DA:488,0
DA:491,0
DA:492,0
DA:493,0
DA:496,0
DA:497,0
DA:499,0
DA:500,0
DA:503,0
DA:504,0
DA:505,0
DA:506,0
DA:508,0
DA:509,0
DA:512,0
DA:515,1
DA:516,0
DA:517,0
DA:518,0
DA:519,0
DA:520,0
DA:523,0
DA:524,0
DA:525,0
DA:526,0
DA:527,0
DA:530,0
DA:531,0
DA:534,0
DA:536,0
DA:539,1
DA:540,0
DA:544,0
DA:545,0
DA:546,0
DA:547,0
DA:549,0
DA:550,0
DA:553,0
DA:559,1
DA:560,0
DA:561,0
DA:562,0
DA:563,0
DA:564,0
DA:565,0
DA:567,0
DA:572,0
DA:573,0
DA:574,0
DA:581,1
DA:582,0
DA:584,0
DA:585,0
DA:588,0
DA:589,0
LF:322
LH:17
BRDA:18,0,0,0
BRDA:18,0,1,0
BRDA:19,1,0,0
BRDA:19,1,1,0
BRDA:23,2,0,0
BRDA:23,2,1,0
BRDA:23,3,0,0
BRDA:23,3,1,0
BRDA:23,3,2,0
BRDA:23,3,3,0
BRDA:28,4,0,0
BRDA:28,4,1,0
BRDA:28,5,0,0
BRDA:28,5,1,0
BRDA:42,6,0,0
BRDA:42,6,1,0
BRDA:48,7,0,0
BRDA:48,7,1,0
BRDA:61,8,0,0
BRDA:61,8,1,0
BRDA:61,9,0,0
BRDA:61,9,1,0
BRDA:61,9,2,0
BRDA:65,10,0,0
BRDA:65,10,1,0
BRDA:69,11,0,0
BRDA:69,11,1,0
BRDA:85,12,0,0
BRDA:85,12,1,0
BRDA:85,13,0,0
BRDA:85,13,1,0
BRDA:85,13,2,0
BRDA:90,14,0,0
BRDA:90,14,1,0
BRDA:90,15,0,0
BRDA:90,15,1,0
BRDA:91,16,0,0
BRDA:91,16,1,0
BRDA:93,17,0,0
BRDA:93,17,1,0
BRDA:100,18,0,0
BRDA:100,18,1,0
BRDA:101,19,0,0
BRDA:101,19,1,0
BRDA:103,20,0,0
BRDA:103,20,1,0
BRDA:108,21,0,0
BRDA:108,21,1,0
BRDA:109,22,0,0
BRDA:109,22,1,0
BRDA:111,23,0,0
BRDA:111,23,1,0
BRDA:118,24,0,0
BRDA:118,24,1,0
BRDA:119,25,0,0
BRDA:119,25,1,0
BRDA:125,26,0,0
BRDA:125,26,1,0
BRDA:125,27,0,0
BRDA:125,27,1,0
BRDA:126,28,0,0
BRDA:126,28,1,0
BRDA:129,29,0,0
BRDA:129,29,1,0
BRDA:132,30,0,0
BRDA:132,30,1,0
BRDA:132,31,0,0
BRDA:132,31,1,0
BRDA:133,32,0,0
BRDA:133,32,1,0
BRDA:136,33,0,0
BRDA:136,33,1,0
BRDA:140,34,0,0
BRDA:140,34,1,0
BRDA:147,35,0,0
BRDA:147,35,1,0
BRDA:152,36,0,0
BRDA:152,36,1,0
BRDA:160,37,0,0
BRDA:160,37,1,0
BRDA:167,38,0,0
BRDA:167,38,1,0
BRDA:167,38,2,0
BRDA:168,39,0,0
BRDA:168,39,1,0
BRDA:168,39,2,0
BRDA:173,40,0,0
BRDA:173,40,1,0
BRDA:173,41,0,0
BRDA:173,41,1,0
BRDA:173,41,2,0
BRDA:173,41,3,0
BRDA:180,42,0,0
BRDA:180,42,1,0
BRDA:180,43,0,0
BRDA:180,43,1,0
BRDA:180,43,2,0
BRDA:185,44,0,0
BRDA:185,44,1,0
BRDA:185,45,0,0
BRDA:185,45,1,0
BRDA:195,46,0,0
BRDA:195,46,1,0
BRDA:195,47,0,0
BRDA:195,47,1,0
BRDA:200,48,0,0
BRDA:200,48,1,0
BRDA:209,49,0,0
BRDA:209,49,1,0
BRDA:210,50,0,0
BRDA:210,50,1,0
BRDA:211,51,0,0
BRDA:211,51,1,0
BRDA:211,52,0,0
BRDA:211,52,1,0
BRDA:216,53,0,0
BRDA:216,53,1,0
BRDA:218,54,0,0
BRDA:218,54,1,0
BRDA:222,55,0,0
BRDA:222,55,1,0
BRDA:234,56,0,0
BRDA:234,56,1,0
BRDA:234,57,0,0
BRDA:234,57,1,0
BRDA:235,58,0,0
BRDA:235,58,1,0
BRDA:235,59,0,0
BRDA:235,59,1,0
BRDA:244,60,0,0
BRDA:244,60,1,0
BRDA:244,61,0,0
BRDA:244,61,1,0
BRDA:244,61,2,0
BRDA:244,61,3,0
BRDA:251,62,0,0
BRDA:251,62,1,0
BRDA:251,63,0,0
BRDA:251,63,1,0
BRDA:251,63,2,0
BRDA:251,63,3,0
BRDA:252,64,0,0
BRDA:252,64,1,0
BRDA:252,65,0,0
BRDA:252,65,1,0
BRDA:254,66,0,0
BRDA:254,66,1,0
BRDA:254,67,0,0
BRDA:254,67,1,0
BRDA:261,68,0,0
BRDA:261,68,1,0
BRDA:263,69,0,0
BRDA:263,69,1,0
BRDA:268,70,0,0
BRDA:268,70,1,0
BRDA:271,71,0,0
BRDA:271,71,1,0
BRDA:284,72,0,0
BRDA:284,72,1,0
BRDA:284,73,0,0
BRDA:284,73,1,0
BRDA:286,74,0,0
BRDA:286,74,1,0
BRDA:286,75,0,0
BRDA:286,75,1,0
BRDA:286,75,2,0
BRDA:286,75,3,0
BRDA:293,76,0,0
BRDA:293,76,1,0
BRDA:303,77,0,0
BRDA:303,77,1,0
BRDA:322,78,0,0
BRDA:322,78,1,0
BRDA:328,79,0,0
BRDA:331,80,0,0
BRDA:331,80,1,0
BRDA:337,81,0,0
BRDA:337,81,1,0
BRDA:347,82,0,0
BRDA:347,82,1,0
BRDA:353,83,0,0
BRDA:353,83,1,0
BRDA:361,84,0,0
BRDA:361,84,1,0
BRDA:361,85,0,0
BRDA:361,85,1,0
BRDA:366,86,0,0
BRDA:366,86,1,0
BRDA:366,87,0,0
BRDA:366,87,1,0
BRDA:376,88,0,0
BRDA:376,88,1,0
BRDA:385,89,0,0
BRDA:385,89,1,0
BRDA:386,90,0,0
BRDA:396,91,0,0
BRDA:396,91,1,0
BRDA:413,92,0,0
BRDA:413,92,1,0
BRDA:417,93,0,0
BRDA:417,93,1,0
BRDA:417,94,0,0
BRDA:417,94,1,0
BRDA:432,95,0,0
BRDA:432,95,1,0
BRDA:436,96,0,0
BRDA:436,96,1,0
BRDA:448,97,0,0
BRDA:448,98,0,0
BRDA:455,99,0,0
BRDA:455,100,0,0
BRDA:456,101,0,0
BRDA:456,101,1,0
BRDA:456,101,2,0
BRDA:456,101,3,0
BRDA:458,102,0,0
BRDA:458,102,1,0
BRDA:458,103,0,0
BRDA:458,103,1,0
BRDA:463,104,0,0
BRDA:463,104,1,0
BRDA:463,105,0,0
BRDA:463,105,1,0
BRDA:467,106,0,0
BRDA:467,106,1,0
BRDA:468,107,0,0
BRDA:468,107,1,0
BRDA:470,108,0,0
BRDA:470,108,1,0
BRDA:482,109,0,0
BRDA:482,109,1,0
BRDA:485,110,0,0
BRDA:485,110,1,0
BRDA:487,111,0,0
BRDA:487,111,1,0
BRDA:487,112,0,0
BRDA:487,112,1,0
BRDA:496,113,0,0
BRDA:496,113,1,0
BRDA:499,114,0,0
BRDA:499,114,1,0
BRDA:503,115,0,0
BRDA:503,115,1,0
BRDA:504,116,0,0
BRDA:504,116,1,0
BRDA:505,117,0,0
BRDA:505,117,1,0
BRDA:505,118,0,0
BRDA:505,118,1,0
BRDA:506,119,0,0
BRDA:506,119,1,0
BRDA:506,120,0,0
BRDA:506,120,1,0
BRDA:508,121,0,0
BRDA:508,121,1,0
BRDA:515,122,0,0
BRDA:515,123,0,0
BRDA:517,124,0,0
BRDA:517,124,1,0
BRDA:517,125,0,0
BRDA:517,125,1,0
BRDA:519,126,0,0
BRDA:519,126,1,0
BRDA:524,127,0,0
BRDA:524,127,1,0
BRDA:524,128,0,0
BRDA:524,128,1,0
BRDA:526,129,0,0
BRDA:526,129,1,0
BRDA:530,130,0,0
BRDA:530,130,1,0
BRDA:530,131,0,0
BRDA:530,131,1,0
BRDA:544,132,0,0
BRDA:544,132,1,0
BRDA:546,133,0,0
BRDA:546,133,1,0
BRDA:547,134,0,0
BRDA:547,134,1,0
BRDA:560,135,0,0
BRDA:560,135,1,0
BRDA:560,136,0,0
BRDA:560,136,1,0
BRDA:564,137,0,0
BRDA:564,137,1,0
BRDA:572,138,0,0
BRDA:572,138,1,0
BRDA:572,139,0,0
BRDA:572,139,1,0
BRDA:584,140,0,0
BRDA:584,140,1,0
BRF:291
BRH:0
end_of_record
TN:
SF:/Users/didi/Documents/git/private/better-scroll/src/util/ease.js
FN:5,(anonymous_0)
FN:12,(anonymous_1)
FN:19,(anonymous_2)
FNF:3
FNH:0
FNDA:0,(anonymous_0)
FNDA:0,(anonymous_1)
FNDA:0,(anonymous_2)
DA:1,1
DA:6,0
DA:13,0
DA:20,0
LF:4
LH:1
BRF:0
BRH:0
end_of_record
TN:
SF:/Users/didi/Documents/git/private/better-scroll/src/util/momentum.js
FN:1,momentum
FNF:1
FNH:0
FNDA:0,momentum
DA:2,0
DA:3,0
DA:5,0
DA:6,0
DA:7,0
DA:9,0
DA:11,0
DA:12,0
DA:15,0
DA:16,0
DA:17,0
DA:18,0
DA:19,0
DA:20,0
DA:23,0
LF:15
LH:0
BRDA:7,0,0,0
BRDA:7,0,1,0
BRDA:9,1,0,0
BRDA:9,1,1,0
BRDA:11,2,0,0
BRDA:11,2,1,0
BRDA:11,3,0,0
BRDA:11,3,1,0
BRDA:15,4,0,0
BRDA:15,4,1,0
BRDA:16,5,0,0
BRDA:16,5,1,0
BRDA:18,6,0,0
BRDA:18,6,1,0
BRDA:19,7,0,0
BRDA:19,7,1,0
BRF:16
BRH:0
end_of_record
TN:
SF:/Users/didi/Documents/git/private/better-scroll/src/util/raf.js
FN:3,(anonymous_0)
FN:9,(anonymous_1)
FN:14,(anonymous_2)
FN:19,(anonymous_3)
FNF:4
FNH:2
FNDA:1,(anonymous_0)
FNDA:0,(anonymous_1)
FNDA:1,(anonymous_2)
FNDA:0,(anonymous_3)
DA:1,1
DA:3,1
DA:4,1
DA:10,0
DA:14,1
DA:15,1
DA:20,0
LF:7
LH:5
BRDA:4,0,0,1
BRDA:4,0,1,0
BRDA:4,0,2,0
BRDA:4,0,3,0
BRDA:4,0,4,0
BRDA:10,1,0,0
BRDA:10,1,1,0
BRDA:15,2,0,1
BRDA:15,2,1,0
BRDA:15,2,2,0
BRDA:15,2,3,0
BRDA:15,2,4,0
BRF:12
BRH:2
end_of_record
TN:
SF:/Users/didi/Documents/git/private/better-scroll/src/scroll/snap.js
FN:4,snapMixin
FN:5,(anonymous_1)
FN:22,(anonymous_2)
FN:116,(anonymous_3)
FN:127,(anonymous_4)
FN:142,(anonymous_5)
FN:216,(anonymous_6)
FN:248,(anonymous_7)
FN:261,(anonymous_8)
FN:274,(anonymous_9)
FNF:10
FNH:1
FNDA:1,snapMixin
FNDA:0,(anonymous_1)
FNDA:0,(anonymous_2)
FNDA:0,(anonymous_3)
FNDA:0,(anonymous_4)
FNDA:0,(anonymous_5)
FNDA:0,(anonymous_6)
FNDA:0,(anonymous_7)
FNDA:0,(anonymous_8)
FNDA:0,(anonymous_9)
DA:5,1
DA:6,0
DA:7,0
DA:9,0
DA:10,0
DA:11,0
DA:12,0
DA:13,0
DA:17,0
DA:18,0
DA:19,0
DA:22,0
DA:23,0
DA:25,0
DA:26,0
DA:29,0
DA:30,0
DA:32,0
DA:36,0
DA:38,0
DA:41,0
DA:42,0
DA:43,0
DA:45,0
DA:46,0
DA:47,0
DA:48,0
DA:50,0
DA:51,0
DA:60,0
DA:61,0
DA:64,0
DA:65,0
DA:68,0
DA:69,0
DA:71,0
DA:72,0
DA:73,0
DA:74,0
DA:75,0
DA:78,0
DA:79,0
DA:82,0
DA:83,0
DA:84,0
DA:85,0
DA:87,0
DA:96,0
DA:97,0
DA:102,0
DA:103,0
DA:106,0
DA:107,0
DA:108,0
DA:109,0
DA:111,0
DA:112,0
DA:116,0
DA:117,0
DA:118,0
DA:119,0
DA:121,0
DA:122,0
DA:127,0
DA:128,0
DA:134,0
DA:142,1
DA:143,0
DA:144,0
DA:147,0
DA:149,0
DA:151,0
DA:154,0
DA:155,0
DA:156,0
DA:157,0
DA:160,0
DA:161,0
DA:162,0
DA:163,0
DA:166,0
DA:167,0
DA:168,0
DA:169,0
DA:170,0
DA:174,0
DA:176,0
DA:177,0
DA:178,0
DA:179,0
DA:180,0
DA:184,0
DA:185,0
DA:187,0
DA:188,0
DA:189,0
DA:190,0
DA:193,0
DA:196,0
DA:197,0
DA:199,0
DA:200,0
DA:201,0
DA:202,0
DA:205,0
DA:208,0
DA:216,1
DA:217,0
DA:218,0
DA:219,0
DA:220,0
DA:221,0
DA:224,0
DA:225,0
DA:226,0
DA:227,0
DA:230,0
DA:231,0
DA:233,0
DA:239,0
DA:245,0
DA:248,1
DA:249,0
DA:250,0
DA:252,0
DA:253,0
DA:254,0
DA:255,0
DA:258,0
DA:261,1
DA:262,0
DA:263,0
DA:265,0
DA:266,0
DA:267,0
DA:268,0
DA:271,0
DA:274,1
DA:275,0
LF:139
LH:6
BRDA:9,0,0,0
BRDA:9,0,1,0
BRDA:11,1,0,0
BRDA:11,1,1,0
BRDA:18,2,0,0
BRDA:18,2,1,0
BRDA:25,3,0,0
BRDA:25,3,1,0
BRDA:25,4,0,0
BRDA:25,4,1,0
BRDA:25,4,2,0
BRDA:25,4,3,0
BRDA:29,5,0,0
BRDA:29,5,1,0
BRDA:30,6,0,0
BRDA:30,6,1,0
BRDA:41,7,0,0
BRDA:41,7,1,0
BRDA:73,8,0,0
BRDA:73,8,1,0
BRDA:73,9,0,0
BRDA:73,9,1,0
BRDA:78,10,0,0
BRDA:78,10,1,0
BRDA:96,11,0,0
BRDA:96,11,1,0
BRDA:102,12,0,0
BRDA:102,12,1,0
BRDA:103,13,0,0
BRDA:103,13,1,0
BRDA:103,14,0,0
BRDA:103,14,1,0
BRDA:107,15,0,0
BRDA:107,15,1,0
BRDA:117,16,0,0
BRDA:117,16,1,0
BRDA:118,17,0,0
BRDA:118,17,1,0
BRDA:121,18,0,0
BRDA:121,18,1,0
BRDA:128,19,0,0
BRDA:128,19,1,0
BRDA:143,20,0,0
BRDA:143,20,1,0
BRDA:149,21,0,0
BRDA:149,21,1,0
BRDA:149,22,0,0
BRDA:149,22,1,0
BRDA:154,23,0,0
BRDA:154,23,1,0
BRDA:156,24,0,0
BRDA:156,24,1,0
BRDA:160,25,0,0
BRDA:160,25,1,0
BRDA:162,26,0,0
BRDA:162,26,1,0
BRDA:168,27,0,0
BRDA:168,27,1,0
BRDA:178,28,0,0
BRDA:178,28,1,0
BRDA:184,29,0,0
BRDA:184,29,1,0
BRDA:187,30,0,0
BRDA:187,30,1,0
BRDA:189,31,0,0
BRDA:189,31,1,0
BRDA:196,32,0,0
BRDA:196,32,1,0
BRDA:199,33,0,0
BRDA:199,33,1,0
BRDA:201,34,0,0
BRDA:201,34,1,0
BRDA:216,35,0,0
BRDA:218,36,0,0
BRDA:218,36,1,0
BRDA:220,37,0,0
BRDA:220,37,1,0
BRDA:224,38,0,0
BRDA:224,38,1,0
BRDA:226,39,0,0
BRDA:226,39,1,0
BRDA:233,40,0,0
BRDA:233,40,1,0
BRDA:233,41,0,0
BRDA:233,41,1,0
BRDA:253,42,0,0
BRDA:253,42,1,0
BRDA:253,43,0,0
BRDA:253,43,1,0
BRDA:266,44,0,0
BRDA:266,44,1,0
BRDA:266,45,0,0
BRDA:266,45,1,0
BRDA:275,46,0,0
BRDA:275,46,1,0
BRF:95
BRH:0
end_of_record
TN:
SF:/Users/didi/Documents/git/private/better-scroll/src/scroll/wheel.js
FN:1,wheelMixin
FN:2,(anonymous_1)
FN:9,(anonymous_2)
FNF:3
FNH:1
FNDA:1,wheelMixin
FNDA:0,(anonymous_1)
FNDA:0,(anonymous_2)
DA:2,1
DA:3,0
DA:4,0
DA:5,0
DA:9,1
DA:10,0
LF:6
LH:2
BRDA:3,0,0,0
BRDA:3,0,1,0
BRDA:10,1,0,0
BRDA:10,1,1,0
BRF:4
BRH:0
end_of_record
TN:
SF:/Users/didi/Documents/git/private/better-scroll/src/scroll/scrollbar.js
FN:5,scrollbarMixin
FN:6,(anonymous_1)
FN:32,(anonymous_2)
FN:39,(anonymous_3)
FN:45,(anonymous_4)
FN:51,(anonymous_5)
FN:57,(anonymous_6)
FN:65,(anonymous_7)
FN:69,(anonymous_8)
FN:77,createScrollbar
FN:102,Indicator
FN:117,(anonymous_11)
FN:123,(anonymous_12)
FN:135,(anonymous_13)
FN:141,(anonymous_14)
FN:192,(anonymous_15)
FN:196,(anonymous_16)
FN:200,(anonymous_17)
FN:204,(anonymous_18)
FNF:19
FNH:1
FNDA:1,scrollbarMixin
FNDA:0,(anonymous_1)
FNDA:0,(anonymous_2)
FNDA:0,(anonymous_3)
FNDA:0,(anonymous_4)
FNDA:0,(anonymous_5)
FNDA:0,(anonymous_6)
FNDA:0,(anonymous_7)
FNDA:0,(anonymous_8)
FNDA:0,createScrollbar
FNDA:0,Indicator
FNDA:0,(anonymous_11)
FNDA:0,(anonymous_12)
FNDA:0,(anonymous_13)
FNDA:0,(anonymous_14)
FNDA:0,(anonymous_15)
FNDA:0,(anonymous_16)
FNDA:0,(anonymous_17)
FNDA:0,(anonymous_18)
DA:3,1
DA:6,1
DA:7,0
DA:8,0
DA:11,0
DA:12,0
DA:17,0
DA:19,0
DA:22,0
DA:23,0
DA:28,0
DA:29,0
DA:32,0
DA:33,0
DA:34,0
DA:38,0
DA:39,0
DA:40,0
DA:41,0
DA:45,0
DA:46,0
DA:47,0
DA:51,0
DA:52,0
DA:53,0
DA:57,0
DA:58,0
DA:59,0
DA:65,1
DA:66,0
DA:69,1
DA:70,0
DA:71,0
DA:72,0
DA:78,0
DA:79,0
DA:81,0
DA:82,0
DA:84,0
DA:86,0
DA:87,0
DA:88,0
DA:89,0
DA:91,0
DA:92,0
DA:93,0
DA:96,0
DA:97,0
DA:99,0
DA:103,0
DA:104,0
DA:105,0
DA:106,0
DA:107,0
DA:108,0
DA:109,0
DA:110,0
DA:111,0
DA:113,0
DA:117,1
DA:118,0
DA:119,0
DA:120,0
DA:123,1
DA:124,0
DA:125,0
DA:128,0
DA:130,0
DA:132,0
DA:134,0
DA:135,0
DA:136,0
DA:137,0
DA:141,1
DA:142,0
DA:143,0
DA:145,0
DA:146,0
DA:147,0
DA:148,0
DA:149,0
DA:150,0
DA:151,0
DA:152,0
DA:153,0
DA:154,0
DA:156,0
DA:158,0
DA:160,0
DA:161,0
DA:163,0
DA:166,0
DA:168,0
DA:169,0
DA:170,0
DA:171,0
DA:172,0
DA:173,0
DA:174,0
DA:175,0
DA:176,0
DA:177,0
DA:179,0
DA:182,0
DA:184,0
DA:185,0
DA:187,0
DA:192,1
DA:193,0
DA:196,1
DA:197,0
DA:200,1
DA:201,0
DA:204,1
DA:205,0
DA:206,0
DA:207,0
DA:208,0
DA:210,0
DA:212,0
DA:214,0
DA:215,0
DA:216,0
DA:218,0
DA:220,0
LF:125
LH:11
BRDA:7,0,0,0
BRDA:11,1,0,0
BRDA:11,1,1,0
BRDA:22,2,0,0
BRDA:22,2,1,0
BRDA:38,3,0,0
BRDA:38,3,1,0
BRDA:86,4,0,0
BRDA:86,4,1,0
BRDA:109,5,0,0
BRDA:109,5,1,0
BRDA:124,6,0,0
BRDA:124,6,1,0
BRDA:124,7,0,0
BRDA:124,7,1,0
BRDA:128,8,0,0
BRDA:128,8,1,0
BRDA:130,9,0,0
BRDA:130,9,1,0
BRDA:142,10,0,0
BRDA:142,10,1,0
BRDA:145,11,0,0
BRDA:145,11,1,0
BRDA:150,12,0,0
BRDA:150,12,1,0
BRDA:160,13,0,0
BRDA:160,13,1,0
BRDA:168,14,0,0
BRDA:168,14,1,0
BRDA:173,15,0,0
BRDA:173,15,1,0
BRDA:184,16,0,0
BRDA:184,16,1,0
BRDA:192,17,0,0
BRDA:205,18,0,0
BRDA:205,18,1,0
BRDA:207,19,0,0
BRDA:207,19,1,0
BRDA:207,19,2,0
BRDA:215,20,0,0
BRDA:215,20,1,0
BRDA:215,20,2,0
BRF:42
BRH:0
end_of_record
TN:
SF:/Users/didi/Documents/git/private/better-scroll/src/scroll/pulldown.js
FN:3,pullDownMixin
FN:4,(anonymous_1)
FN:15,(anonymous_2)
FNF:3
FNH:1
FNDA:1,pullDownMixin
FNDA:0,(anonymous_1)
FNDA:0,(anonymous_2)
DA:4,1
DA:5,0
DA:6,0
DA:7,0
DA:8,0
DA:9,0
DA:12,0
DA:15,1
DA:16,0
DA:17,0
LF:10
LH:2
BRDA:5,0,0,0
BRDA:5,1,0,0
BRDA:6,2,0,0
BRDA:6,2,1,0
BRDA:6,3,0,0
BRDA:6,3,1,0
BRF:6
BRH:0
end_of_record
TN:
SF:/Users/didi/Documents/git/private/better-scroll/src/scroll/pullup.js
FN:1,pullUpMixin
FN:2,(anonymous_1)
FN:10,(anonymous_2)
FN:19,checkToEnd
FN:28,(anonymous_4)
FNF:5
FNH:1
FNDA:1,pullUpMixin
FNDA:0,(anonymous_1)
FNDA:0,(anonymous_2)
FNDA:0,checkToEnd
FNDA:0,(anonymous_4)
DA:2,1
DA:4,0
DA:6,0
DA:7,0
DA:10,1
DA:11,0
DA:12,0
DA:14,0
DA:15,0
DA:17,0
DA:20,0
DA:21,0
DA:22,0
DA:23,0
DA:28,1
DA:29,0
LF:16
LH:3
BRDA:11,0,0,0
BRDA:11,0,1,0
BRDA:15,1,0,0
BRDA:20,2,0,0
BRDA:20,2,1,0
BRF:5
BRH:0
end_of_record
